# JRE version: OpenJDK Runtime Environment (11.0.12+7) (build 11.0.12+7-b1504.28-7817840)
# Java VM: OpenJDK 64-Bit Server VM (11.0.12+7-b1504.28-7817840, mixed mode, tiered, compressed oops, g1 gc, windows-amd64)
Heap:
 garbage-first heap   total 579584K, used 229090K [0x0000000080000000, 0x0000000100000000)
  region size 1024K, 9 young (9216K), 9 survivors (9216K)
 Metaspace       used 207823K, capacity 213087K, committed 213248K, reserved 1234944K
  class space    used 25604K, capacity 27553K, committed 27648K, reserved 1048576K
GC Heap History (20 events):
Event: 3562.892 GC heap after
{Heap after GC invocations=76 (full 0):
 garbage-first heap   total 315392K, used 179744K [0x0000000080000000, 0x0000000100000000)
  region size 1024K, 1 young (1024K), 1 survivors (1024K)
 Metaspace       used 193470K, capacity 198187K, committed 198528K, reserved 1222656K
  class space    used 23629K, capacity 25390K, committed 25472K, reserved 1048576K
}
Event: 3563.381 GC heap before
{Heap before GC invocations=76 (full 0):
 garbage-first heap   total 315392K, used 248352K [0x0000000080000000, 0x0000000100000000)
  region size 1024K, 69 young (70656K), 1 survivors (1024K)
 Metaspace       used 195734K, capacity 200469K, committed 200832K, reserved 1224704K
  class space    used 23857K, capacity 25610K, committed 25728K, reserved 1048576K
}
Event: 3563.389 GC heap after
{Heap after GC invocations=77 (full 0):
 garbage-first heap   total 315392K, used 185669K [0x0000000080000000, 0x0000000100000000)
  region size 1024K, 7 young (7168K), 7 survivors (7168K)
 Metaspace       used 195734K, capacity 200469K, committed 200832K, reserved 1224704K
  class space    used 23857K, capacity 25610K, committed 25728K, reserved 1048576K
}
Event: 3563.935 GC heap before
{Heap before GC invocations=78 (full 0):
 garbage-first heap   total 315392K, used 252229K [0x0000000080000000, 0x0000000100000000)
  region size 1024K, 73 young (74752K), 7 survivors (7168K)
 Metaspace       used 196785K, capacity 201594K, committed 201728K, reserved 1224704K
  class space    used 23987K, capacity 25744K, committed 25856K, reserved 1048576K
}
Event: 3563.945 GC heap after
{Heap after GC invocations=79 (full 0):
 garbage-first heap   total 315392K, used 189606K [0x0000000080000000, 0x0000000100000000)
  region size 1024K, 4 young (4096K), 4 survivors (4096K)
 Metaspace       used 196785K, capacity 201594K, committed 201728K, reserved 1224704K
  class space    used 23987K, capacity 25744K, committed 25856K, reserved 1048576K
}
Event: 3563.983 GC heap before
{Heap before GC invocations=79 (full 0):
 garbage-first heap   total 315392K, used 199846K [0x0000000080000000, 0x0000000100000000)
  region size 1024K, 15 young (15360K), 4 survivors (4096K)
 Metaspace       used 196788K, capacity 201594K, committed 201728K, reserved 1224704K
  class space    used 23987K, capacity 25744K, committed 25856K, reserved 1048576K
}
Event: 3563.991 GC heap after
{Heap after GC invocations=80 (full 0):
 garbage-first heap   total 315392K, used 180296K [0x0000000080000000, 0x0000000100000000)
  region size 1024K, 2 young (2048K), 2 survivors (2048K)
 Metaspace       used 196788K, capacity 201594K, committed 201728K, reserved 1224704K
  class space    used 23987K, capacity 25744K, committed 25856K, reserved 1048576K
}
Event: 3564.273 GC heap before
{Heap before GC invocations=80 (full 0):
 garbage-first heap   total 315392K, used 250952K [0x0000000080000000, 0x0000000100000000)
  region size 1024K, 72 young (73728K), 2 survivors (2048K)
 Metaspace       used 197057K, capacity 201887K, committed 201984K, reserved 1224704K
  class space    used 24029K, capacity 25798K, committed 25856K, reserved 1048576K
}
Event: 3564.280 GC heap after
{Heap after GC invocations=81 (full 0):
 garbage-first heap   total 315392K, used 184483K [0x0000000080000000, 0x0000000100000000)
  region size 1024K, 6 young (6144K), 6 survivors (6144K)
 Metaspace       used 197057K, capacity 201887K, committed 201984K, reserved 1224704K
  class space    used 24029K, capacity 25798K, committed 25856K, reserved 1048576K
}
Event: 3564.533 GC heap before
{Heap before GC invocations=82 (full 0):
 garbage-first heap   total 315392K, used 257187K [0x0000000080000000, 0x0000000100000000)
  region size 1024K, 76 young (77824K), 6 survivors (6144K)
 Metaspace       used 199192K, capacity 204071K, committed 204288K, reserved 1226752K
  class space    used 24314K, capacity 26093K, committed 26112K, reserved 1048576K
}
Event: 3564.540 GC heap after
{Heap after GC invocations=83 (full 0):
 garbage-first heap   total 315392K, used 194224K [0x0000000080000000, 0x0000000100000000)
  region size 1024K, 10 young (10240K), 10 survivors (10240K)
 Metaspace       used 199192K, capacity 204071K, committed 204288K, reserved 1226752K
  class space    used 24314K, capacity 26093K, committed 26112K, reserved 1048576K
}
Event: 3564.617 GC heap before
{Heap before GC invocations=83 (full 0):
 garbage-first heap   total 315392K, used 198320K [0x0000000080000000, 0x0000000100000000)
  region size 1024K, 15 young (15360K), 10 survivors (10240K)
 Metaspace       used 200326K, capacity 205297K, committed 205568K, reserved 1228800K
  class space    used 24470K, capacity 26294K, committed 26368K, reserved 1048576K
}
Event: 3564.624 GC heap after
{Heap after GC invocations=84 (full 0):
 garbage-first heap   total 378880K, used 192374K [0x0000000080000000, 0x0000000100000000)
  region size 1024K, 2 young (2048K), 2 survivors (2048K)
 Metaspace       used 200326K, capacity 205297K, committed 205568K, reserved 1228800K
  class space    used 24470K, capacity 26294K, committed 26368K, reserved 1048576K
}
Event: 3564.917 GC heap before
{Heap before GC invocations=84 (full 0):
 garbage-first heap   total 378880K, used 285558K [0x0000000080000000, 0x0000000100000000)
  region size 1024K, 93 young (95232K), 2 survivors (2048K)
 Metaspace       used 205056K, capacity 210148K, committed 210304K, reserved 1232896K
  class space    used 25137K, capacity 27006K, committed 27008K, reserved 1048576K
}
Event: 3564.948 GC heap after
{Heap after GC invocations=85 (full 0):
 garbage-first heap   total 378880K, used 208064K [0x0000000080000000, 0x0000000100000000)
  region size 1024K, 12 young (12288K), 12 survivors (12288K)
 Metaspace       used 205056K, capacity 210148K, committed 210304K, reserved 1232896K
  class space    used 25137K, capacity 27006K, committed 27008K, reserved 1048576K
}
Event: 3565.188 GC heap before
{Heap before GC invocations=86 (full 0):
 garbage-first heap   total 378880K, used 295104K [0x0000000080000000, 0x0000000100000000)
  region size 1024K, 97 young (99328K), 12 survivors (12288K)
 Metaspace       used 205611K, capacity 210724K, committed 210944K, reserved 1232896K
  class space    used 25207K, capacity 27087K, committed 27136K, reserved 1048576K
}
Event: 3565.216 GC heap after
{Heap after GC invocations=87 (full 0):
 garbage-first heap   total 378880K, used 223390K [0x0000000080000000, 0x0000000100000000)
  region size 1024K, 13 young (13312K), 13 survivors (13312K)
 Metaspace       used 205611K, capacity 210724K, committed 210944K, reserved 1232896K
  class space    used 25207K, capacity 27087K, committed 27136K, reserved 1048576K
}
Event: 3565.229 GC heap before
{Heap before GC invocations=87 (full 0):
 garbage-first heap   total 378880K, used 228510K [0x0000000080000000, 0x0000000100000000)
  region size 1024K, 18 young (18432K), 13 survivors (13312K)
 Metaspace       used 205873K, capacity 211005K, committed 211328K, reserved 1232896K
  class space    used 25259K, capacity 27159K, committed 27264K, reserved 1048576K
}
Event: 3565.242 GC heap after
{Heap after GC invocations=88 (full 0):
 garbage-first heap   total 378880K, used 222208K [0x0000000080000000, 0x0000000100000000)
  region size 1024K, 2 young (2048K), 2 survivors (2048K)
 Metaspace       used 205873K, capacity 211005K, committed 211328K, reserved 1232896K
  class space    used 25259K, capacity 27159K, committed 27264K, reserved 1048576K
}
Event: 3565.423 GC heap before
{Heap before GC invocations=88 (full 0):
 garbage-first heap   total 378880K, used 302080K [0x0000000080000000, 0x0000000100000000)
  region size 1024K, 80 young (81920K), 2 survivors (2048K)
 Metaspace       used 207823K, capacity 213087K, committed 213248K, reserved 1234944K
  class space    used 25604K, capacity 27553K, committed 27648K, reserved 1048576K
}

